[0m05:12:01.610333 [debug] [MainThread]: Sending event: {'category': 'dbt', 'action': 'invocation', 'label': 'start', 'context': [<snowplow_tracker.self_describing_json.SelfDescribingJson object at 0x00000181B31EA7B0>, <snowplow_tracker.self_describing_json.SelfDescribingJson object at 0x00000181B2D916D0>, <snowplow_tracker.self_describing_json.SelfDescribingJson object at 0x00000181B5B7FC50>]}


============================== 05:12:01.614476 | f9d9d94c-b656-4e67-b9c5-a242d1bf8e83 ==============================
[0m05:12:01.614476 [info ] [MainThread]: Running with dbt=1.8.7
[0m05:12:01.615214 [debug] [MainThread]: running dbt with arguments {'printer_width': '80', 'indirect_selection': 'eager', 'log_cache_events': 'False', 'write_json': 'True', 'partial_parse': 'True', 'cache_selected_only': 'False', 'warn_error': 'None', 'fail_fast': 'False', 'profiles_dir': 'C:\\Users\\Clod\\.dbt', 'log_path': 'C:\\Users\\Clod\\da226\\hw8\\build_mau\\logs', 'version_check': 'True', 'debug': 'False', 'use_colors': 'True', 'use_experimental_parser': 'False', 'no_print': 'None', 'quiet': 'False', 'empty': 'False', 'warn_error_options': 'WarnErrorOptions(include=[], exclude=[])', 'invocation_command': 'dbt build', 'introspect': 'True', 'static_parser': 'True', 'target_path': 'None', 'log_format': 'default', 'send_anonymous_usage_stats': 'True'}
[0m05:12:02.256936 [debug] [MainThread]: Sending event: {'category': 'dbt', 'action': 'project_id', 'label': 'f9d9d94c-b656-4e67-b9c5-a242d1bf8e83', 'context': [<snowplow_tracker.self_describing_json.SelfDescribingJson object at 0x00000181CE026190>]}
[0m05:12:02.308327 [debug] [MainThread]: Sending event: {'category': 'dbt', 'action': 'adapter_info', 'label': 'f9d9d94c-b656-4e67-b9c5-a242d1bf8e83', 'context': [<snowplow_tracker.self_describing_json.SelfDescribingJson object at 0x00000181CDF88D10>]}
[0m05:12:02.309933 [info ] [MainThread]: Registered adapter: snowflake=1.8.4
[0m05:12:02.318355 [debug] [MainThread]: checksum: 4af21dafb485259c48497ac86b711ddb1982f3d0f1c0ca4e09356de488b753c0, vars: {}, profile: , target: , version: 1.8.7
[0m05:12:02.319569 [info ] [MainThread]: Unable to do partial parsing because saved manifest not found. Starting full parse.
[0m05:12:02.320066 [debug] [MainThread]: Sending event: {'category': 'dbt', 'action': 'partial_parser', 'label': 'f9d9d94c-b656-4e67-b9c5-a242d1bf8e83', 'context': [<snowplow_tracker.self_describing_json.SelfDescribingJson object at 0x00000181CDEC6350>]}
[0m05:12:03.951482 [debug] [MainThread]: Sending event: {'category': 'dbt', 'action': 'load_project', 'label': 'f9d9d94c-b656-4e67-b9c5-a242d1bf8e83', 'context': [<snowplow_tracker.self_describing_json.SelfDescribingJson object at 0x00000181CE168050>]}
[0m05:12:04.104938 [debug] [MainThread]: Sending event: {'category': 'dbt', 'action': 'resource_counts', 'label': 'f9d9d94c-b656-4e67-b9c5-a242d1bf8e83', 'context': [<snowplow_tracker.self_describing_json.SelfDescribingJson object at 0x00000181CE68CD70>]}
[0m05:12:04.105363 [info ] [MainThread]: Found 3 models, 1 snapshot, 2 data tests, 3 sources, 459 macros
[0m05:12:04.107686 [info ] [MainThread]: 
[0m05:12:04.108532 [debug] [MainThread]: Acquiring new snowflake connection 'master'
[0m05:12:04.114220 [debug] [ThreadPool]: Acquiring new snowflake connection 'list_dev'
[0m05:12:04.125457 [debug] [ThreadPool]: Using snowflake connection "list_dev"
[0m05:12:04.125807 [debug] [ThreadPool]: On list_dev: /* {"app": "dbt", "dbt_version": "1.8.7", "profile_name": "build_mau", "target_name": "dev", "connection_name": "list_dev"} */
show terse schemas in database dev
    limit 10000
[0m05:12:04.126106 [debug] [ThreadPool]: Opening a new connection, currently in state init
[0m05:12:55.572421 [debug] [MainThread]: Sending event: {'category': 'dbt', 'action': 'invocation', 'label': 'start', 'context': [<snowplow_tracker.self_describing_json.SelfDescribingJson object at 0x000001CD0253A7B0>, <snowplow_tracker.self_describing_json.SelfDescribingJson object at 0x000001CD020F16D0>, <snowplow_tracker.self_describing_json.SelfDescribingJson object at 0x000001CD04E7FC50>]}


============================== 05:12:55.576260 | e60dcda0-c8db-4286-9405-93ffbdfbc91b ==============================
[0m05:12:55.576260 [info ] [MainThread]: Running with dbt=1.8.7
[0m05:12:55.576869 [debug] [MainThread]: running dbt with arguments {'printer_width': '80', 'indirect_selection': 'eager', 'write_json': 'True', 'log_cache_events': 'False', 'partial_parse': 'True', 'cache_selected_only': 'False', 'profiles_dir': 'C:\\Users\\Clod\\.dbt', 'version_check': 'True', 'warn_error': 'None', 'log_path': 'C:\\Users\\Clod\\da226\\hw8\\build_mau\\logs', 'debug': 'False', 'fail_fast': 'False', 'use_colors': 'True', 'use_experimental_parser': 'False', 'empty': 'None', 'quiet': 'False', 'no_print': 'None', 'warn_error_options': 'WarnErrorOptions(include=[], exclude=[])', 'static_parser': 'True', 'invocation_command': 'dbt debug', 'introspect': 'True', 'target_path': 'None', 'log_format': 'default', 'send_anonymous_usage_stats': 'True'}
[0m05:12:55.602025 [info ] [MainThread]: dbt version: 1.8.7
[0m05:12:55.602533 [info ] [MainThread]: python version: 3.13.0
[0m05:12:55.602977 [info ] [MainThread]: python path: C:\Users\Clod\AppData\Local\Programs\Python\Python313\python.exe
[0m05:12:55.603427 [info ] [MainThread]: os info: Windows-11-10.0.22631-SP0
[0m05:12:56.145530 [info ] [MainThread]: Using profiles dir at C:\Users\Clod\.dbt
[0m05:12:56.146196 [info ] [MainThread]: Using profiles.yml file at C:\Users\Clod\.dbt\profiles.yml
[0m05:12:56.146760 [info ] [MainThread]: Using dbt_project.yml file at C:\Users\Clod\da226\hw8\build_mau\dbt_project.yml
[0m05:12:56.148311 [info ] [MainThread]: adapter type: snowflake
[0m05:12:56.148844 [info ] [MainThread]: adapter version: 1.8.4
[0m05:12:56.245212 [info ] [MainThread]: Configuration:
[0m05:12:56.245804 [info ] [MainThread]:   profiles.yml file [[32mOK found and valid[0m]
[0m05:12:56.246347 [info ] [MainThread]:   dbt_project.yml file [[32mOK found and valid[0m]
[0m05:12:56.246848 [info ] [MainThread]: Required dependencies:
[0m05:12:56.247383 [debug] [MainThread]: Executing "git --help"
[0m05:12:56.292020 [debug] [MainThread]: STDOUT: "b"usage: git [-v | --version] [-h | --help] [-C <path>] [-c <name>=<value>]\n           [--exec-path[=<path>]] [--html-path] [--man-path] [--info-path]\n           [-p | --paginate | -P | --no-pager] [--no-replace-objects] [--bare]\n           [--git-dir=<path>] [--work-tree=<path>] [--namespace=<name>]\n           [--config-env=<name>=<envvar>] <command> [<args>]\n\nThese are common Git commands used in various situations:\n\nstart a working area (see also: git help tutorial)\n   clone     Clone a repository into a new directory\n   init      Create an empty Git repository or reinitialize an existing one\n\nwork on the current change (see also: git help everyday)\n   add       Add file contents to the index\n   mv        Move or rename a file, a directory, or a symlink\n   restore   Restore working tree files\n   rm        Remove files from the working tree and from the index\n\nexamine the history and state (see also: git help revisions)\n   bisect    Use binary search to find the commit that introduced a bug\n   diff      Show changes between commits, commit and working tree, etc\n   grep      Print lines matching a pattern\n   log       Show commit logs\n   show      Show various types of objects\n   status    Show the working tree status\n\ngrow, mark and tweak your common history\n   branch    List, create, or delete branches\n   commit    Record changes to the repository\n   merge     Join two or more development histories together\n   rebase    Reapply commits on top of another base tip\n   reset     Reset current HEAD to the specified state\n   switch    Switch branches\n   tag       Create, list, delete or verify a tag object signed with GPG\n\ncollaborate (see also: git help workflows)\n   fetch     Download objects and refs from another repository\n   pull      Fetch from and integrate with another repository or a local branch\n   push      Update remote refs along with associated objects\n\n'git help -a' and 'git help -g' list available subcommands and some\nconcept guides. See 'git help <command>' or 'git help <concept>'\nto read about a specific subcommand or concept.\nSee 'git help git' for an overview of the system.\n""
[0m05:12:56.292571 [debug] [MainThread]: STDERR: "b''"
[0m05:12:56.293000 [info ] [MainThread]:  - git [[32mOK found[0m]

[0m05:12:56.293579 [info ] [MainThread]: Connection:
[0m05:12:56.294099 [info ] [MainThread]:   account: YFPBPNI-KJB72662
[0m05:12:56.294683 [info ] [MainThread]:   user: Cloddity
[0m05:12:56.295179 [info ] [MainThread]:   database: dev
[0m05:12:56.295702 [info ] [MainThread]:   warehouse: compute_wh
[0m05:12:56.296162 [info ] [MainThread]:   role: ACCOUNTADMIN
[0m05:12:56.296634 [info ] [MainThread]:   schema: analytics
[0m05:12:56.297108 [info ] [MainThread]:   authenticator: None
[0m05:12:56.297588 [info ] [MainThread]:   oauth_client_id: None
[0m05:12:56.298110 [info ] [MainThread]:   query_tag: None
[0m05:12:56.298780 [info ] [MainThread]:   client_session_keep_alive: False
[0m05:12:56.299311 [info ] [MainThread]:   host: None
[0m05:12:56.299820 [info ] [MainThread]:   port: None
[0m05:12:56.300327 [info ] [MainThread]:   proxy_host: None
[0m05:12:56.300903 [info ] [MainThread]:   proxy_port: None
[0m05:12:56.301437 [info ] [MainThread]:   protocol: None
[0m05:12:56.302168 [info ] [MainThread]:   connect_retries: 1
[0m05:12:56.302663 [info ] [MainThread]:   connect_timeout: None
[0m05:12:56.303150 [info ] [MainThread]:   retry_on_database_errors: False
[0m05:12:56.303636 [info ] [MainThread]:   retry_all: False
[0m05:12:56.304145 [info ] [MainThread]:   insecure_mode: False
[0m05:12:56.304679 [info ] [MainThread]:   reuse_connections: None
[0m05:12:56.305574 [info ] [MainThread]: Registered adapter: snowflake=1.8.4
[0m05:12:56.306409 [debug] [MainThread]: Acquiring new snowflake connection 'debug'
[0m05:12:56.307183 [debug] [MainThread]: Using snowflake connection "debug"
[0m05:12:56.307556 [debug] [MainThread]: On debug: select 1 as id
[0m05:12:56.307906 [debug] [MainThread]: Opening a new connection, currently in state init
